[23:43:54] [ServerMain/INFO]: Environment: authHost='https://authserver.mojang.com', accountsHost='https://api.mojang.com', sessionHost='https://sessionserver.mojang.com', servicesHost='https://api.minecraftservices.com', name='PROD'
[23:43:55] [ServerMain/INFO]: Loaded 7 recipes
[23:43:56] [Server thread/INFO]: Starting minecraft server version 1.20.1
[23:43:56] [Server thread/INFO]: Loading properties
[23:43:56] [Server thread/INFO]: This server is running Paper version git-Paper-196 (MC: 1.20.1) (Implementing API version 1.20.1-R0.1-SNAPSHOT) (Git: 773dd72)
[23:43:56] [Server thread/INFO]: Server Ping Player Sample Count: 12
[23:43:56] [Server thread/INFO]: Using 4 threads for Netty based IO
[23:43:56] [Server thread/WARN]: [!] The timings profiler has been enabled but has been scheduled for removal from Paper in the future.
    We recommend installing the spark profiler as a replacement: https://spark.lucko.me/
    For more information please visit: https://github.com/PaperMC/Paper/issues/8948
[23:43:56] [Server thread/INFO]: [ChunkTaskScheduler] Chunk system is using 1 I/O threads, 1 worker threads, and gen parallelism of 1 threads
[23:43:56] [Server thread/INFO]: Default game type: SURVIVAL
[23:43:56] [Server thread/INFO]: Generating keypair
[23:43:57] [Server thread/INFO]: Starting Minecraft server on *:25565
[23:43:57] [Server thread/INFO]: Using epoll channel type
[23:43:57] [Server thread/INFO]: Paper: Using libdeflate (Linux x86_64) compression from Velocity.
[23:43:57] [Server thread/INFO]: Paper: Using OpenSSL 1.1.x (Linux x86_64) cipher from Velocity.
[23:43:57] [Server thread/INFO]: [LuckPerms] Loading server plugin LuckPerms v5.4.131
[23:43:57] [Server thread/INFO]: [Essentials] Loading server plugin Essentials v2.21.0-dev+155-803771e
[23:43:57] [Server thread/INFO]: [ChatColor2] Loading server plugin ChatColor2 v1.15.1
[23:43:57] [Server thread/INFO]: [AngelChest] Loading server plugin AngelChest v13.9.2
[23:43:57] [Server thread/INFO]: Server permissions file permissions.yml is empty, ignoring it
[23:43:57] [Server thread/INFO]: [LuckPerms] Enabling LuckPerms v5.4.131
[23:43:58] [Server thread/INFO]:         __    
[23:43:58] [Server thread/INFO]:   |    |__)   LuckPerms v5.4.131
[23:43:58] [Server thread/INFO]:   |___ |      Running on Bukkit - Paper
[23:43:58] [Server thread/INFO]: 
[23:43:58] [Server thread/INFO]: [LuckPerms] Loading configuration...
[23:43:58] [Server thread/INFO]: [LuckPerms] Loading storage provider... [H2]
[23:43:58] [Server thread/INFO]: [LuckPerms] Loading internal permission managers...
[23:43:58] [Server thread/INFO]: [LuckPerms] Performing initial data load...
[23:43:58] [Server thread/INFO]: [LuckPerms] Successfully enabled. (took 1321ms)
[23:43:58] [Server thread/WARN]: **** SERVER IS RUNNING IN OFFLINE/INSECURE MODE!
[23:43:58] [Server thread/WARN]: The server will make no attempt to authenticate usernames. Beware.
[23:43:58] [Server thread/WARN]: While this makes the game possible to play without internet access, it also opens up the ability for hackers to connect with any username they choose.
[23:43:58] [Server thread/WARN]: To change this, set "online-mode" to "true" in the server.properties file.
[23:43:58] [Server thread/INFO]: Preparing level "world"
[23:43:59] [Server thread/INFO]: Preparing start region for dimension minecraft:overworld
[23:44:00] [Server thread/INFO]: Time elapsed: 327 ms
[23:44:00] [Server thread/INFO]: Preparing start region for dimension minecraft:the_nether
[23:44:00] [Server thread/INFO]: Time elapsed: 87 ms
[23:44:00] [Server thread/INFO]: Preparing start region for dimension minecraft:the_end
[23:44:00] [Server thread/INFO]: Time elapsed: 82 ms
[23:44:00] [Server thread/INFO]: [Essentials] Enabling Essentials v2.21.0-dev+155-803771e
[23:44:00] [Server thread/ERROR]: [Essentials] You are running an unsupported server version!
[23:44:01] [Server thread/INFO]: [Essentials] Attempting to convert old kits in config.yml to new kits.yml
[23:44:01] [Server thread/INFO]: [Essentials] No kits found to migrate.
[23:44:01] [Server thread/INFO]: [Essentials] Selected Legacy Damage Event Provider as the provider for DamageEventProvider
[23:44:01] [Server thread/INFO]: [Essentials] Selected Reflection Sync Commands Provider as the provider for SyncCommandsProvider
[23:44:01] [Server thread/INFO]: [Essentials] Selected Paper Serialization Provider as the provider for SerializationProvider
[23:44:01] [Server thread/INFO]: [Essentials] Selected 1.12+ Spawner Block Provider as the provider for SpawnerBlockProvider
[23:44:01] [Server thread/INFO]: [Essentials] Selected 1.14+ Sign Data Provider as the provider for SignDataProvider
[23:44:01] [Server thread/INFO]: [Essentials] Selected Legacy 1.8 Potion Meta Provider as the provider for PotionMetaProvider
[23:44:01] [Server thread/INFO]: [Essentials] Selected 1.17.1+ World Info Provider as the provider for WorldInfoProvider
[23:44:01] [Server thread/INFO]: [Essentials] Selected Paper Known Commands Provider as the provider for KnownCommandsProvider
[23:44:01] [Server thread/INFO]: [Essentials] Selected Paper Material Tag Provider as the provider for MaterialTagProvider
[23:44:01] [Server thread/INFO]: [Essentials] Selected Reflection Formatted Command Alias Provider as the provider for FormattedCommandAliasProvider
[23:44:01] [Server thread/INFO]: [Essentials] Selected Paper Container Provider as the provider for ContainerProvider
[23:44:01] [Server thread/INFO]: [Essentials] Selected Paper Server State Provider as the provider for ServerStateProvider
[23:44:01] [Server thread/INFO]: [Essentials] Selected 1.20.5+ Banner Data Provider as the provider for BannerDataProvider
[23:44:01] [Server thread/INFO]: [Essentials] Selected Legacy InventoryView Abstract Class ABI Provider as the provider for InventoryViewProvider
[23:44:01] [Server thread/INFO]: [Essentials] Selected 1.12.2+ Player Locale Provider as the provider for PlayerLocaleProvider
[23:44:01] [Server thread/INFO]: [Essentials] Selected 1.13+ Spawn Egg Provider as the provider for SpawnEggProvider
[23:44:01] [Server thread/INFO]: [Essentials] Selected 1.8.3+ Spawner Item Provider as the provider for SpawnerItemProvider
[23:44:01] [Server thread/INFO]: [Essentials] Selected Paper Biome Key Provider as the provider for BiomeKeyProvider
[23:44:01] [Server thread/INFO]: [Essentials] Selected Reflection Online Mode Provider as the provider for OnlineModeProvider
[23:44:01] [Server thread/INFO]: [Essentials] Selected 1.14.4+ Persistent Data Container Provider as the provider for PersistentDataProvider
[23:44:01] [Server thread/INFO]: [Essentials] Selected 1.11+ Item Unbreakable Provider as the provider for ItemUnbreakableProvider
[23:44:01] [Server thread/INFO]: [Essentials] Loaded 43465 items from items.json.
[23:44:01] [Server thread/INFO]: [Essentials] Using locale en
[23:44:01] [Server thread/INFO]: [Essentials] ServerListPingEvent: Spigot iterator API
[23:44:01] [Server thread/INFO]: [Essentials] Starting Metrics. Opt-out using the global bStats config.
[23:44:01] [Server thread/WARN]: [Essentials] Detected supported permissions plugin LuckPerms without Vault installed.
[23:44:01] [Server thread/WARN]: [Essentials] Features such as chat prefixes/suffixes and group-related functionality will not work until you install Vault.
[23:44:01] [Server thread/INFO]: [Essentials] Using superperms-based permissions.
[23:44:01] [Server thread/INFO]: [ChatColor2] Enabling ChatColor2 v1.15.1
[23:44:01] [Server thread/INFO]: [ChatColor] ChatColor 2 Version 1.15.1 has been enabled.
[23:44:01] [Server thread/INFO]: [ChatColor] Current update: GUI rework & additional features! (+Bug fixes)
[23:44:01] [Server thread/INFO]: [ChatColor] PlaceholderAPI not found, placeholders will not be available.
[23:44:01] [Server thread/INFO]: [ChatColor] Metrics is enabled for this plugin. Stats sent to https://bstats.org/plugin/bukkit/ChatColor2
[23:44:01] [Server thread/INFO]: [AngelChest] Enabling AngelChest v13.9.2
[23:44:01] [Server thread/INFO]: [AngelChest] You are using an illegal copy of AngelChest :-(
[23:44:01] [Server thread/INFO]: [AngelChest] Zbkew'bdhgzhere-ouying a legal version on SpigotMC instead:
[23:44:01] [Server thread/INFO]: [AngelChest] iucg~7//www.spigotmc.org/members/mfnalex.175238/
[23:44:01] [Server thread/INFO]: [AngelChest] groups.yml does not exist, skipping custom group settings.
[23:44:01] [Server thread/INFO]: [AngelChest] blacklist.yml does not exist, disabling item blacklist.
[23:44:01] [Server thread/INFO]: [AngelChest] Not using premium version, disabling Graveyards feature
[23:44:01] [Server thread/WARN]: [AngelChest] Could not add usage/description to command acopen
[23:44:01] [Server thread/INFO]: [AngelChest] Vault not installed, disabling economy functions.
[23:44:02] [Server thread/INFO]: [AngelChest] [ACF] Enabled Asynchronous Tab Completion Support!
[23:44:02] [Server thread/INFO]: [AngelChest] Successfully enabled AngelChest v13.9.2 (Premium: false)
[23:44:02] [Server thread/INFO]: Running delayed init tasks
[23:44:02] [Server thread/INFO]: Done (6.387s)! For help, type "help"
[23:44:02] [Server thread/INFO]: Timings Reset
[23:44:02] [Craft Scheduler Thread - 3 - Essentials/INFO]: [Essentials] Fetching version information...
[23:44:05] [Server thread/INFO]: [AngelChest] ========================================================
[23:44:05] [Server thread/INFO]: [AngelChest] You are using the free version of AngelChest. There is
[23:44:05] [Server thread/INFO]: [AngelChest] also a premium version available, called AngelChestPlus.
[23:44:05] [Server thread/INFO]: [AngelChest] It includes TONS of new features and exclusive Discord
[23:44:05] [Server thread/INFO]: [AngelChest] support. The free version will still receive bugfixes,
[23:44:05] [Server thread/INFO]: [AngelChest] but there won't be ANY new features!
[23:44:05] [Server thread/INFO]: [AngelChest] If you like AngelChest, you will LOVE AngelChestPlus, so
[23:44:05] [Server thread/INFO]: [AngelChest] please consider upgrading! Thank you for using AngelChest.
[23:44:05] [Server thread/INFO]: [AngelChest] 
[23:44:05] [Server thread/INFO]: [AngelChest] https://www.spigotmc.org/resources/88214
[23:44:05] [Server thread/INFO]: [AngelChest] ========================================================
[23:47:46] [User Authenticator #0/INFO]: UUID of player gamer_top_10 is d61cab99-f5c3-3aa8-8515-36b5fdc0bdde
[23:47:46] [Server thread/INFO]: gamer_top_10 joined the game
[23:47:46] [Server thread/INFO]: gamer_top_10[/127.212.16.182:56215] logged in with entity id 358 at ([world]1.5, 79.0, -1.5)
[23:48:00] [Server thread/INFO]: gamer_top_10 issued server command: /creative
[23:48:00] [Server thread/INFO]: [Essentials] gamer_top_10 was denied access to command.
[23:48:23] [User Authenticator #0/INFO]: UUID of player NunDRK is 15ff9384-b122-363e-b25a-3940a2e85d8f
[23:48:23] [Server thread/INFO]: NunDRK joined the game
[23:48:23] [Server thread/INFO]: NunDRK[/127.1.45.67:54409] logged in with entity id 500 at ([world]0.9907290557031905, 79.0, -7.749351800402446)
[23:48:38] [Async Chat Thread - #1/INFO]: [Not Secure] <NunDRK> como que /creative?
[23:48:44] [Async Chat Thread - #0/INFO]: [Not Secure] <gamer_top_10> ajajja
[23:48:52] [Async Chat Thread - #1/INFO]: [Not Secure] <NunDRK> so tonto o te haces?
[23:49:00] [Server thread/INFO]: NunDRK issued server command: /gamemode survival
[23:49:02] [Async Chat Thread - #1/INFO]: [Not Secure] <gamer_top_10> queria llenar de tnt
[23:49:07] [Async Chat Thread - #0/INFO]: [Not Secure] <gamer_top_10> ;D
[23:49:15] [Server thread/INFO]: NunDRK issued server command: /scoreboard objectives add vida health
[23:49:15] [Server thread/INFO]: [NunDRK: Created new objective [vida]]
[23:49:21] [Server thread/INFO]: NunDRK issued server command: /scoreboard objectives setdisplay belowName vida
[23:49:21] [Server thread/INFO]: [NunDRK: Set display slot belowName to show objective vida]
[23:49:25] [Server thread/INFO]: NunDRK issued server command: /scoreboard objectives setdisplay list vida
[23:49:25] [Server thread/INFO]: [NunDRK: Set display slot list to show objective vida]
[23:49:35] [Async Chat Thread - #1/INFO]: [Not Secure] <NunDRK> donde estas?
[23:49:36] [Async Chat Thread - #0/INFO]: [Not Secure] <gamer_top_10> porque apareci en agua
[23:49:36] [Server thread/INFO]: NunDRK issued server command: /seed
[23:49:46] [Async Chat Thread - #1/INFO]: [Not Secure] <gamer_top_10> tpa
[23:49:52] [Server thread/INFO]: NunDRK issued server command: /tp gamer_top_10 NunDRK
[23:49:52] [Async Chat Thread - #1/INFO]: [Not Secure] <gamer_top_10> tpa
[23:50:14] [Async Chat Thread - #0/INFO]: [Not Secure] <NunDRK> no vas a poder romper tan cerca de aca
[23:50:23] [Async Chat Thread - #1/INFO]: [Not Secure] <gamer_top_10> pq
[23:50:36] [Async Chat Thread - #0/INFO]: [Not Secure] <NunDRK> porque los 10 primeros bloques de donde se aparece estan protegidos
[23:50:43] [Async Chat Thread - #0/INFO]: [Not Secure] <gamer_top_10> pq
[23:51:19] [Async Chat Thread - #1/INFO]: [Not Secure] <gamer_top_10> afk
[23:51:33] [Async Chat Thread - #0/INFO]: [Not Secure] <NunDRK> voy a agregar una cosa capas que se laguee
[23:51:40] [Async Chat Thread - #1/INFO]: [Not Secure] <gamer_top_10> ok
[23:51:47] [Async Chat Thread - #0/INFO]: [Not Secure] <gamer_top_10> yase me trabo todo
[23:52:19] [User Authenticator #1/INFO]: UUID of player liver_poor is b3e0424a-6f90-37a4-88bf-8defa0866f43
[23:52:20] [Server thread/INFO]: liver_poor joined the game
[23:52:20] [Server thread/INFO]: liver_poor[/127.212.16.182:46935] logged in with entity id 1148 at ([world]4.5, 86.0, -8.5)
[23:52:43] [Async Chat Thread - #1/INFO]: [Not Secure] <NunDRK> wtf
[23:52:59] [Async Chat Thread - #0/INFO]: [Not Secure] <liver_poor> ?
[23:53:04] [Server thread/INFO]: NunDRK issued server command: /reload confirm
[23:53:04] [Server thread/INFO]: NunDRK: Please note that this command is not supported and may cause issues when using some plugins.
[23:53:04] [Server thread/INFO]: NunDRK: If you encounter any issues please use the /stop command to restart your server.
[23:53:04] [Server thread/INFO]: Server Ping Player Sample Count: 12
[23:53:04] [Server thread/INFO]: Using 4 threads for Netty based IO
[23:53:04] [Server thread/INFO]: [AngelChest] Disabling AngelChest v13.9.2
[23:53:04] [Server thread/ERROR]: Error occurred (in the plugin loader) while disabling AngelChest v13.9.2 (Is it up to date?)
java.lang.ExceptionInInitializerError: null
	at de.jeff_media.angelchest.AngelChestMain.onDisable(AngelChestMain.java:443) ~[AngelChest-13.9.2.jar:?]
	at org.bukkit.plugin.java.JavaPlugin.setEnabled(JavaPlugin.java:283) ~[paper-api-1.20.1-R0.1-SNAPSHOT.jar:?]
	at io.papermc.paper.plugin.manager.PaperPluginInstanceManager.disablePlugin(PaperPluginInstanceManager.java:224) ~[paper-1.20.1.jar:git-Paper-196]
	at io.papermc.paper.plugin.manager.PaperPluginInstanceManager.disablePlugins(PaperPluginInstanceManager.java:148) ~[paper-1.20.1.jar:git-Paper-196]
	at io.papermc.paper.plugin.manager.PaperPluginInstanceManager.clearPlugins(PaperPluginInstanceManager.java:154) ~[paper-1.20.1.jar:git-Paper-196]
	at io.papermc.paper.plugin.manager.PaperPluginManagerImpl.clearPlugins(PaperPluginManagerImpl.java:97) ~[paper-1.20.1.jar:git-Paper-196]
	at org.bukkit.plugin.SimplePluginManager.clearPlugins(SimplePluginManager.java:594) ~[paper-api-1.20.1-R0.1-SNAPSHOT.jar:?]
	at org.bukkit.craftbukkit.v1_20_R1.CraftServer.reload(CraftServer.java:1058) ~[paper-1.20.1.jar:git-Paper-196]
	at org.bukkit.Bukkit.reload(Bukkit.java:993) ~[paper-api-1.20.1-R0.1-SNAPSHOT.jar:?]
	at org.bukkit.command.defaults.ReloadCommand.execute(ReloadCommand.java:54) ~[paper-api-1.20.1-R0.1-SNAPSHOT.jar:?]
	at org.bukkit.command.SimpleCommandMap.dispatch(SimpleCommandMap.java:155) ~[paper-api-1.20.1-R0.1-SNAPSHOT.jar:?]
	at org.bukkit.craftbukkit.v1_20_R1.CraftServer.dispatchCommand(CraftServer.java:987) ~[paper-1.20.1.jar:git-Paper-196]
	at org.bukkit.craftbukkit.v1_20_R1.command.BukkitCommandWrapper.run(BukkitCommandWrapper.java:64) ~[paper-1.20.1.jar:git-Paper-196]
	at com.mojang.brigadier.CommandDispatcher.execute(CommandDispatcher.java:265) ~[paper-1.20.1.jar:?]
	at net.minecraft.commands.Commands.performCommand(Commands.java:324) ~[?:?]
	at net.minecraft.commands.Commands.performCommand(Commands.java:308) ~[?:?]
	at net.minecraft.server.network.ServerGamePacketListenerImpl.performChatCommand(ServerGamePacketListenerImpl.java:2354) ~[?:?]
	at net.minecraft.server.network.ServerGamePacketListenerImpl.lambda$handleChatCommand$21(ServerGamePacketListenerImpl.java:2314) ~[?:?]
	at net.minecraft.util.thread.BlockableEventLoop.lambda$submitAsync$0(BlockableEventLoop.java:59) ~[?:?]
	at java.util.concurrent.CompletableFuture$AsyncSupply.run(CompletableFuture.java:1768) ~[?:?]
	at net.minecraft.server.TickTask.run(TickTask.java:18) ~[paper-1.20.1.jar:git-Paper-196]
	at net.minecraft.util.thread.BlockableEventLoop.doRunTask(BlockableEventLoop.java:153) ~[?:?]
	at net.minecraft.util.thread.ReentrantBlockableEventLoop.doRunTask(ReentrantBlockableEventLoop.java:24) ~[?:?]
	at net.minecraft.server.MinecraftServer.doRunTask(MinecraftServer.java:1338) ~[paper-1.20.1.jar:git-Paper-196]
	at net.minecraft.server.MinecraftServer.d(MinecraftServer.java:197) ~[paper-1.20.1.jar:git-Paper-196]
	at net.minecraft.util.thread.BlockableEventLoop.pollTask(BlockableEventLoop.java:126) ~[?:?]
	at net.minecraft.server.MinecraftServer.pollTaskInternal(MinecraftServer.java:1315) ~[paper-1.20.1.jar:git-Paper-196]
	at net.minecraft.server.MinecraftServer.pollTask(MinecraftServer.java:1308) ~[paper-1.20.1.jar:git-Paper-196]
	at net.minecraft.util.thread.BlockableEventLoop.managedBlock(BlockableEventLoop.java:136) ~[?:?]
	at net.minecraft.server.MinecraftServer.waitUntilNextTick(MinecraftServer.java:1286) ~[paper-1.20.1.jar:git-Paper-196]
	at net.minecraft.server.MinecraftServer.runServer(MinecraftServer.java:1174) ~[paper-1.20.1.jar:git-Paper-196]
	at net.minecraft.server.MinecraftServer.lambda$spin$0(MinecraftServer.java:317) ~[paper-1.20.1.jar:git-Paper-196]
	at java.lang.Thread.run(Thread.java:840) ~[?:?]
Caused by: org.bukkit.plugin.IllegalPluginAccessException: Plugin attempted to register task while disabled
	at org.bukkit.craftbukkit.v1_20_R1.scheduler.CraftScheduler.validate(CraftScheduler.java:548) ~[paper-1.20.1.jar:git-Paper-196]
	at org.bukkit.craftbukkit.v1_20_R1.scheduler.CraftScheduler.runTaskTimer(CraftScheduler.java:224) ~[paper-1.20.1.jar:git-Paper-196]
	at org.bukkit.craftbukkit.v1_20_R1.scheduler.CraftScheduler.runTaskTimer(CraftScheduler.java:209) ~[paper-1.20.1.jar:git-Paper-196]
	at org.bukkit.scheduler.BukkitRunnable.runTaskTimer(BukkitRunnable.java:117) ~[paper-api-1.20.1-R0.1-SNAPSHOT.jar:?]
	at de.jeff_media.angelchest.listeners.GraveyardListener.<clinit>(GraveyardListener.java:57) ~[AngelChest-13.9.2.jar:?]
	... 33 more
[23:53:04] [Server thread/INFO]: [ChatColor2] Disabling ChatColor2 v1.15.1
[23:53:04] [Server thread/INFO]: [ChatColor] ChatColor 2 Version 1.15.1 has been disabled.
[23:53:04] [Server thread/INFO]: [Essentials] Disabling Essentials v2.21.0-dev+155-803771e
[23:53:04] [Server thread/ERROR]: [Essentials] There's a good chance you're reloading your server right now. If that's the case, why do you hate yourself? Expect no support from the EssentialsX team when using /reload.
[23:53:04] [Server thread/INFO]: [LuckPerms] Disabling LuckPerms v5.4.131
[23:53:04] [Server thread/INFO]: [LuckPerms] Starting shutdown process...
[23:53:04] [Server thread/INFO]: [LuckPerms] Closing storage...
[23:53:04] [Server thread/INFO]: [LuckPerms] Goodbye!
[23:53:04] [Server thread/INFO]: Loaded 7 recipes
[23:53:05] [Server thread/INFO]: [LuckPerms] Loading server plugin LuckPerms v5.4.131
[23:53:05] [Server thread/INFO]: [Essentials] Loading server plugin Essentials v2.21.0-dev+155-803771e
[23:53:05] [Server thread/INFO]: [SkinsRestorer] Loading server plugin SkinsRestorer v15.5.1
[23:53:05] [Server thread/INFO]: [ChatColor2] Loading server plugin ChatColor2 v1.15.1
[23:53:05] [Server thread/INFO]: [AngelChest] Loading server plugin AngelChest v13.9.2
[23:53:05] [Server thread/INFO]: Server permissions file permissions.yml is empty, ignoring it
[23:53:05] [Server thread/INFO]: [LuckPerms] Enabling LuckPerms v5.4.131
[23:53:05] [Server thread/INFO]:         __    
[23:53:05] [Server thread/INFO]:   |    |__)   LuckPerms v5.4.131
[23:53:05] [Server thread/INFO]:   |___ |      Running on Bukkit - Paper
[23:53:05] [Server thread/INFO]: 
[23:53:05] [Server thread/INFO]: [LuckPerms] Loading configuration...
[23:53:06] [Server thread/INFO]: [LuckPerms] Loading storage provider... [H2]
[23:53:06] [Server thread/INFO]: [LuckPerms] Loading internal permission managers...
[23:53:06] [Server thread/INFO]: [LuckPerms] Performing initial data load...
[23:53:06] [Server thread/INFO]: [LuckPerms] Successfully enabled. (took 838ms)
[23:53:06] [Server thread/INFO]: [SkinsRestorer] Enabling SkinsRestorer v15.5.1
[23:53:06] [Server thread/WARN]: [SkinsRestorer] You must agree to the rules at 'commands.perSkinPermissionsConsent' in the config to use per skin permissions.
[23:53:07] [Server thread/INFO]: [SkinsRestorer] Running on Minecraft 1.20.1.
[23:53:07] [Server thread/INFO]: [SkinsRestorer] Using paper join listener!
[23:53:07] [Server thread/WARN]: [SkinsRestorer] Please update your Java runtime to at least Java 21 (your version is 17).
[23:53:07] [Server thread/WARN]: [SkinsRestorer] At some point in the future, SkinsRestorer will no longer be compatible with this version of Java.
[23:53:07] [Server thread/INFO]: [Essentials] Enabling Essentials v2.21.0-dev+155-803771e
[23:53:07] [Folia Async Scheduler Thread #3/INFO]: [SkinsRestorer] ----------------------------------------------
[23:53:07] [Folia Async Scheduler Thread #3/INFO]: [SkinsRestorer]     +==================+
[23:53:07] [Folia Async Scheduler Thread #3/INFO]: [SkinsRestorer]     |   SkinsRestorer  |
[23:53:07] [Folia Async Scheduler Thread #3/INFO]: [SkinsRestorer]     |------------------|
[23:53:07] [Folia Async Scheduler Thread #3/INFO]: [SkinsRestorer]     |  Standalone Mode |
[23:53:07] [Folia Async Scheduler Thread #3/INFO]: [SkinsRestorer]     +==================+
[23:53:07] [Folia Async Scheduler Thread #3/INFO]: [SkinsRestorer] ----------------------------------------------
[23:53:07] [Folia Async Scheduler Thread #3/INFO]: [SkinsRestorer]     Version: 15.5.1
[23:53:07] [Folia Async Scheduler Thread #3/INFO]: [SkinsRestorer]     Commit: d5d8613
[23:53:07] [Folia Async Scheduler Thread #3/INFO]: [SkinsRestorer]     This is the latest version!
[23:53:07] [Folia Async Scheduler Thread #3/INFO]: [SkinsRestorer] ----------------------------------------------
[23:53:07] [Folia Async Scheduler Thread #3/INFO]: [SkinsRestorer] Do you have issues? Read our troubleshooting guide: https://skinsrestorer.net/docs/troubleshooting
[23:53:07] [Folia Async Scheduler Thread #3/INFO]: [SkinsRestorer] Want to support SkinsRestorer? Consider donating: https://skinsrestorer.net/donate
[23:53:07] [Server thread/ERROR]: [Essentials] You are running an unsupported server version!
[23:53:07] [Server thread/INFO]: [Essentials] Attempting to convert old kits in config.yml to new kits.yml
[23:53:07] [Server thread/INFO]: [Essentials] No kits found to migrate.
[23:53:07] [Server thread/INFO]: [Essentials] Selected Paper Server State Provider as the provider for ServerStateProvider
[23:53:07] [Server thread/INFO]: [Essentials] Selected 1.8.3+ Spawner Item Provider as the provider for SpawnerItemProvider
[23:53:07] [Server thread/INFO]: [Essentials] Selected 1.12.2+ Player Locale Provider as the provider for PlayerLocaleProvider
[23:53:07] [Server thread/INFO]: [Essentials] Selected Reflection Sync Commands Provider as the provider for SyncCommandsProvider
[23:53:07] [Server thread/INFO]: [Essentials] Selected 1.20.5+ Banner Data Provider as the provider for BannerDataProvider
[23:53:07] [Server thread/INFO]: [Essentials] Selected 1.13+ Spawn Egg Provider as the provider for SpawnEggProvider
[23:53:07] [Server thread/INFO]: [Essentials] Selected 1.11+ Item Unbreakable Provider as the provider for ItemUnbreakableProvider
[23:53:07] [Server thread/INFO]: [Essentials] Selected Paper Container Provider as the provider for ContainerProvider
[23:53:07] [Server thread/INFO]: [Essentials] Selected Legacy Damage Event Provider as the provider for DamageEventProvider
[23:53:07] [Server thread/INFO]: [Essentials] Selected Reflection Formatted Command Alias Provider as the provider for FormattedCommandAliasProvider
[23:53:07] [Server thread/INFO]: [Essentials] Selected Paper Material Tag Provider as the provider for MaterialTagProvider
[23:53:07] [Server thread/INFO]: [Essentials] Selected Paper Serialization Provider as the provider for SerializationProvider
[23:53:07] [Server thread/INFO]: [Essentials] Selected 1.17.1+ World Info Provider as the provider for WorldInfoProvider
[23:53:07] [Server thread/INFO]: [Essentials] Selected Paper Biome Key Provider as the provider for BiomeKeyProvider
[23:53:07] [Server thread/INFO]: [Essentials] Selected Legacy InventoryView Abstract Class ABI Provider as the provider for InventoryViewProvider
[23:53:07] [Server thread/INFO]: [Essentials] Selected 1.12+ Spawner Block Provider as the provider for SpawnerBlockProvider
[23:53:07] [Server thread/INFO]: [Essentials] Selected Reflection Online Mode Provider as the provider for OnlineModeProvider
[23:53:07] [Server thread/INFO]: [Essentials] Selected 1.14.4+ Persistent Data Container Provider as the provider for PersistentDataProvider
[23:53:07] [Server thread/INFO]: [Essentials] Selected Legacy 1.8 Potion Meta Provider as the provider for PotionMetaProvider
[23:53:07] [Server thread/INFO]: [Essentials] Selected Paper Known Commands Provider as the provider for KnownCommandsProvider
[23:53:07] [Server thread/INFO]: [Essentials] Selected 1.14+ Sign Data Provider as the provider for SignDataProvider
[23:53:07] [Server thread/INFO]: [Essentials] Loaded 43465 items from items.json.
[23:53:07] [Server thread/INFO]: [Essentials] Using locale en
[23:53:07] [Server thread/INFO]: [Essentials] ServerListPingEvent: Spigot iterator API
[23:53:08] [Server thread/INFO]: [Essentials] Starting Metrics. Opt-out using the global bStats config.
[23:53:08] [Server thread/WARN]: [Essentials] Detected supported permissions plugin LuckPerms without Vault installed.
[23:53:08] [Server thread/WARN]: [Essentials] Features such as chat prefixes/suffixes and group-related functionality will not work until you install Vault.
[23:53:08] [Server thread/INFO]: [Essentials] Using superperms-based permissions.
[23:53:08] [Server thread/INFO]: [ChatColor2] Enabling ChatColor2 v1.15.1
[23:53:08] [Server thread/INFO]: [ChatColor] ChatColor 2 Version 1.15.1 has been enabled.
[23:53:08] [Server thread/INFO]: [ChatColor] Current update: GUI rework & additional features! (+Bug fixes)
[23:53:08] [Server thread/INFO]: [ChatColor] PlaceholderAPI not found, placeholders will not be available.
[23:53:08] [Server thread/INFO]: [ChatColor] Metrics is enabled for this plugin. Stats sent to https://bstats.org/plugin/bukkit/ChatColor2
[23:53:08] [Server thread/INFO]: [AngelChest] Enabling AngelChest v13.9.2
[23:53:08] [Server thread/INFO]: [AngelChest] You are using an illegal copy of AngelChest :-(
[23:53:08] [Server thread/INFO]: [AngelChest] Zbkew'bdhgzhere-ouying a legal version on SpigotMC instead:
[23:53:08] [Server thread/INFO]: [AngelChest] iucg~7//www.spigotmc.org/members/mfnalex.175238/
[23:53:08] [Server thread/INFO]: [AngelChest] groups.yml does not exist, skipping custom group settings.
[23:53:08] [Server thread/INFO]: [AngelChest] blacklist.yml does not exist, disabling item blacklist.
[23:53:08] [Server thread/INFO]: [AngelChest] Not using premium version, disabling Graveyards feature
[23:53:08] [Server thread/WARN]: [AngelChest] Could not add usage/description to command acopen
[23:53:08] [Server thread/INFO]: [AngelChest] Vault not installed, disabling economy functions.
[23:53:08] [Server thread/INFO]: [AngelChest] [ACF] Enabled Asynchronous Tab Completion Support!
[23:53:08] [Server thread/INFO]: [AngelChest] Successfully enabled AngelChest v13.9.2 (Premium: false)
[23:53:08] [Server thread/INFO]: NunDRK: Reload complete.
[23:53:08] [Server thread/INFO]: Timings Reset
[23:53:08] [Craft Scheduler Thread - 54 - Essentials/INFO]: [Essentials] Fetching version information...
[23:53:08] [Server thread/INFO]: [AngelChest] ========================================================
[23:53:08] [Server thread/INFO]: [AngelChest] You are using the free version of AngelChest. There is
[23:53:08] [Server thread/INFO]: [AngelChest] also a premium version available, called AngelChestPlus.
[23:53:08] [Server thread/INFO]: [AngelChest] It includes TONS of new features and exclusive Discord
[23:53:08] [Server thread/INFO]: [AngelChest] support. The free version will still receive bugfixes,
[23:53:08] [Server thread/INFO]: [AngelChest] but there won't be ANY new features!
[23:53:08] [Server thread/INFO]: [AngelChest] If you like AngelChest, you will LOVE AngelChestPlus, so
[23:53:08] [Server thread/INFO]: [AngelChest] please consider upgrading! Thank you for using AngelChest.
[23:53:08] [Server thread/INFO]: [AngelChest] 
[23:53:08] [Server thread/INFO]: [AngelChest] https://www.spigotmc.org/resources/88214
[23:53:08] [Server thread/INFO]: [AngelChest] ========================================================
[23:53:10] [Async Chat Thread - #0/INFO]: [Not Secure] <NunDRK> quien es liver_poor?
[23:53:13] [Async Chat Thread - #1/INFO]: [Not Secure] <liver_poor> yo
[23:53:19] [Async Chat Thread - #0/INFO]: [Not Secure] <NunDRK> marty?
[23:53:23] [Async Chat Thread - #1/INFO]: [Not Secure] <liver_poor> no
[23:53:37] [Server thread/INFO]: gamer_top_10 lost connection: Disconnected
[23:53:38] [Server thread/INFO]: gamer_top_10 left the game
[23:53:46] [Async Chat Thread - #0/INFO]: [Not Secure] <liver_poor> ya
